0 info it worked if it ends with ok
1 verbose cli [ '/usr/local/bin/node', '/usr/local/bin/npm', 'publish' ]
2 info using npm@3.10.8
3 info using node@v6.9.1
4 verbose publish [ '.' ]
5 silly cache add args [ '.', null ]
6 verbose cache add spec .
7 silly cache add parsed spec Result {
7 silly cache add   raw: '.',
7 silly cache add   scope: null,
7 silly cache add   escapedName: null,
7 silly cache add   name: null,
7 silly cache add   rawSpec: '.',
7 silly cache add   spec: '/Users/luwenh/projects/fbw-platform-common',
7 silly cache add   type: 'directory' }
8 verbose addLocalDirectory /Users/luwenh/.npm/fbw-platform-common/0.7.2/package.tgz not in flight; packing
9 verbose correctMkdir /Users/luwenh/.npm correctMkdir not in flight; initializing
10 info lifecycle fbw-platform-common@0.7.2~prepublish: fbw-platform-common@0.7.2
11 silly lifecycle fbw-platform-common@0.7.2~prepublish: no script for prepublish, continuing
12 verbose tar pack [ '/Users/luwenh/.npm/fbw-platform-common/0.7.2/package.tgz',
12 verbose tar pack   '/Users/luwenh/projects/fbw-platform-common' ]
13 verbose tarball /Users/luwenh/.npm/fbw-platform-common/0.7.2/package.tgz
14 verbose folder /Users/luwenh/projects/fbw-platform-common
15 verbose addLocalTarball adding from inside cache /Users/luwenh/.npm/fbw-platform-common/0.7.2/package.tgz
16 verbose correctMkdir /Users/luwenh/.npm correctMkdir not in flight; initializing
17 silly cache afterAdd fbw-platform-common@0.7.2
18 verbose afterAdd /Users/luwenh/.npm/fbw-platform-common/0.7.2/package/package.json not in flight; writing
19 verbose correctMkdir /Users/luwenh/.npm correctMkdir not in flight; initializing
20 verbose afterAdd /Users/luwenh/.npm/fbw-platform-common/0.7.2/package/package.json written
21 silly publish { name: 'fbw-platform-common',
21 silly publish   version: '0.7.2',
21 silly publish   description: 'Common stuff to the FbW apps',
21 silly publish   main: 'index.js',
21 silly publish   engines: { node: '>=4.5.0', npm: '^3.0.0' },
21 silly publish   scripts: { test: 'mocha --compilers js:babel-core/register --colors $(find . ! -path \'./node_modules/*\' -name \'*.spec.js\')' },
21 silly publish   dependencies:
21 silly publish    { axios: '^0.15.2',
21 silly publish      'babel-core': '^6.1.21',
21 silly publish      'babel-loader': '^6.2.5',
21 silly publish      'babel-plugin-transform-runtime': '^6.15.0',
21 silly publish      'babel-preset-es2015': '^6.14.0',
21 silly publish      'babel-preset-react': '^6.11.1',
21 silly publish      'babel-preset-stage-0': '^6.3.13',
21 silly publish      'babel-runtime': '^6.11.6',
21 silly publish      'better-npm-run': '0.0.13',
21 silly publish      'css-loader': '^0.25.0',
21 silly publish      cssnano: '^3.7.4',
21 silly publish      debug: '^2.2.0',
21 silly publish      'extract-text-webpack-plugin': '^1.0.0',
21 silly publish      'file-loader': '^0.9.0',
21 silly publish      'fs-extra': '^1.0.0',
21 silly publish      'html-webpack-plugin': '^2.22.0',
21 silly publish      'imports-loader': '^0.6.5',
21 silly publish      ip: '^1.1.2',
21 silly publish      'json-loader': '^0.5.4',
21 silly publish      lockr: '^0.8.4',
21 silly publish      'moment-timezone': '^0.5.9',
21 silly publish      'node-sass': '^3.7.0',
21 silly publish      'normalize.css': '^5.0.0',
21 silly publish      'postcss-loader': '^1.1.0',
21 silly publish      'react-redux': '^4.4.5',
21 silly publish      redux: '^3.6.0',
21 silly publish      'redux-thunk': '^2.0.0',
21 silly publish      rimraf: '^2.5.4',
21 silly publish      'sass-loader': '^4.0.0',
21 silly publish      slug: '^0.9.1',
21 silly publish      'style-loader': '^0.13.1',
21 silly publish      'url-loader': '^0.5.6',
21 silly publish      valence: 'github:wombats-writing-code/valence-sdk-javascript',
21 silly publish      webpack: '^1.12.14',
21 silly publish      yargs: '^6.3.0' },
21 silly publish   devDependencies:
21 silly publish    { 'babel-core': '^6.17.0',
21 silly publish      'babel-eslint': '^7.1.0',
21 silly publish      'babel-plugin-istanbul': '^2.0.1',
21 silly publish      chai: '^3.4.1',
21 silly publish      'chai-as-promised': '^6.0.0',
21 silly publish      'chai-enzyme': '^0.5.0',
21 silly publish      cheerio: '^0.20.0',
21 silly publish      codecov: '^1.0.1',
21 silly publish      'connect-history-api-fallback': '^1.3.0',
21 silly publish      enzyme: '^2.0.0',
21 silly publish      eslint: '^3.0.1',
21 silly publish      'eslint-config-standard': '^6.0.0',
21 silly publish      'eslint-config-standard-react': '^4.0.0',
21 silly publish      'eslint-plugin-babel': '^3.2.0',
21 silly publish      'eslint-plugin-promise': '^3.0.0',
21 silly publish      'eslint-plugin-react': '^6.0.0',
21 silly publish      'eslint-plugin-standard': '^2.0.0',
21 silly publish      express: '^4.14.0',
21 silly publish      karma: '^1.0.0',
21 silly publish      'karma-coverage': '^1.0.0',
21 silly publish      'karma-mocha': '^1.0.1',
21 silly publish      'karma-mocha-reporter': '^2.0.0',
21 silly publish      'karma-phantomjs-launcher': '^1.0.2',
21 silly publish      'karma-webpack-with-fast-source-maps': '^1.9.2',
21 silly publish      mocha: '^3.0.1',
21 silly publish      nodemon: '^1.10.2',
21 silly publish      'phantomjs-prebuilt': '^2.1.12',
21 silly publish      'react-addons-test-utils': '^15.0.0',
21 silly publish      'redbox-react': '^1.2.10',
21 silly publish      sinon: '^1.17.5',
21 silly publish      'sinon-chai': '^2.8.0',
21 silly publish      'webpack-dev-middleware': '^1.6.1',
21 silly publish      'webpack-hot-middleware': '^2.12.2' },
21 silly publish   gitHead: 'cb5ce11983c26fc9603e776b070565f8e458e91e',
21 silly publish   readme: 'ERROR: No README data found!',
21 silly publish   _id: 'fbw-platform-common@0.7.2',
21 silly publish   _shasum: '8312366ec6f8d7c750003060e72cb8ff86378012',
21 silly publish   _from: '.' }
22 verbose getPublishConfig undefined
23 silly mapToRegistry name fbw-platform-common
24 silly mapToRegistry using default registry
25 silly mapToRegistry registry https://registry.npmjs.org/
26 silly mapToRegistry data Result {
26 silly mapToRegistry   raw: 'fbw-platform-common',
26 silly mapToRegistry   scope: null,
26 silly mapToRegistry   escapedName: 'fbw-platform-common',
26 silly mapToRegistry   name: 'fbw-platform-common',
26 silly mapToRegistry   rawSpec: '',
26 silly mapToRegistry   spec: 'latest',
26 silly mapToRegistry   type: 'tag' }
27 silly mapToRegistry uri https://registry.npmjs.org/fbw-platform-common
28 verbose publish registryBase https://registry.npmjs.org/
29 silly publish uploading /Users/luwenh/.npm/fbw-platform-common/0.7.2/package.tgz
30 verbose request uri https://registry.npmjs.org/fbw-platform-common
31 verbose request sending authorization for write operation
32 info attempt registry request try #1 at 5:24:23 AM
33 verbose request using bearer token for auth
34 verbose request id 7d262ee8fa2f1366
35 http request PUT https://registry.npmjs.org/fbw-platform-common
36 http 403 https://registry.npmjs.org/fbw-platform-common
37 verbose headers { 'content-type': 'application/json',
37 verbose headers   'cache-control': 'max-age=300',
37 verbose headers   'content-length': '95',
37 verbose headers   'accept-ranges': 'bytes',
37 verbose headers   date: 'Mon, 19 Dec 2016 12:24:25 GMT',
37 verbose headers   via: '1.1 varnish',
37 verbose headers   connection: 'keep-alive',
37 verbose headers   'x-served-by': 'cache-den6020-DEN',
37 verbose headers   'x-cache': 'MISS',
37 verbose headers   'x-cache-hits': '0',
37 verbose headers   'x-timer': 'S1482150264.476329,VS0,VE1362',
37 verbose headers   vary: 'Accept-Encoding' }
38 verbose request invalidating /Users/luwenh/.npm/registry.npmjs.org/fbw-platform-common on PUT
39 error publish Failed PUT 403
40 verbose stack Error: "You cannot publish over the previously published version 0.7.2." : fbw-platform-common
40 verbose stack     at makeError (/usr/local/lib/node_modules/npm/node_modules/npm-registry-client/lib/request.js:302:12)
40 verbose stack     at CachingRegistryClient.<anonymous> (/usr/local/lib/node_modules/npm/node_modules/npm-registry-client/lib/request.js:290:14)
40 verbose stack     at Request._callback (/usr/local/lib/node_modules/npm/node_modules/npm-registry-client/lib/request.js:210:14)
40 verbose stack     at Request.self.callback (/usr/local/lib/node_modules/npm/node_modules/request/request.js:187:22)
40 verbose stack     at emitTwo (events.js:106:13)
40 verbose stack     at Request.emit (events.js:191:7)
40 verbose stack     at Request.<anonymous> (/usr/local/lib/node_modules/npm/node_modules/request/request.js:1044:10)
40 verbose stack     at emitOne (events.js:96:13)
40 verbose stack     at Request.emit (events.js:188:7)
40 verbose stack     at IncomingMessage.<anonymous> (/usr/local/lib/node_modules/npm/node_modules/request/request.js:965:12)
41 verbose statusCode 403
42 verbose pkgid fbw-platform-common
43 verbose cwd /Users/luwenh/projects/fbw-platform-common
44 error Darwin 16.1.0
45 error argv "/usr/local/bin/node" "/usr/local/bin/npm" "publish"
46 error node v6.9.1
47 error npm  v3.10.8
48 error code E403
49 error "You cannot publish over the previously published version 0.7.2." : fbw-platform-common
50 error If you need help, you may report this error at:
50 error     <https://github.com/npm/npm/issues>
51 verbose exit [ 1, true ]
